<?xml version="1.0" encoding="UTF-8"?>
<!-- Generated by org.testng.reporters.JUnitReportReporter -->
<testsuite hostname="Anas" failures="0" tests="3" name="finalProject.AmazonGiftCards" time="4.143" errors="0" timestamp="2023-12-21T12:35:35 EET" skipped="0">
  <testcase classname="finalProject.AmazonGiftCards" name="RandomGiftCard" time="3.273"/>
  <system-out/>
  <testcase classname="finalProject.AmazonGiftCards" name="RandomPriceAmount" time="0.151"/>
  <system-out/>
  <testcase classname="finalProject.AmazonGiftCards" name="fillAllBlank" time="0.719"/>
  <system-out/>
</testsuite> <!-- finalProject.AmazonGiftCards -->
